vector-app/build/intermediates/manifest_merge_blame_file/gplayDebug/manifest-merger-blame-gplay-debug-report.txt
1<?xml version="1.0" encoding="utf-8"?>
2<manifest xmlns:android="http://schemas.android.com/apk/res/android"
3    package="im.vector.app.debug"
<<<<<<< Updated upstream
4    android:versionCode="10"
=======
4    android:versionCode="214265900"
>>>>>>> Stashed changes
5    android:versionName="1.5.24-dev" >
6
7    <uses-sdk
8        android:minSdkVersion="21"
9        android:targetSdkVersion="33" />
10
11    <!-- Needed for VOIP call to detect and switch to headset -->
12    <uses-permission
12-->[:vector] AndroidManifest.xml:10:5-12:38
13        android:name="android.permission.BLUETOOTH"
13-->[:vector] AndroidManifest.xml:11:9-52
14        android:maxSdkVersion="30" />
14-->[:vector] AndroidManifest.xml:12:9-35
15    <uses-permission android:name="android.permission.BLUETOOTH_CONNECT" />
15-->[:vector] AndroidManifest.xml:13:5-76
15-->[:vector] AndroidManifest.xml:13:22-73
16    <uses-permission android:name="android.permission.INTERNET" />
16-->[:vector] AndroidManifest.xml:14:5-67
16-->[:vector] AndroidManifest.xml:14:22-64
17    <uses-permission android:name="android.permission.READ_CONTACTS" />
17-->[:vector] AndroidManifest.xml:15:5-72
17-->[:vector] AndroidManifest.xml:15:22-69
18    <uses-permission android:name="android.permission.FOREGROUND_SERVICE" />
18-->[:vector] AndroidManifest.xml:16:5-77
18-->[:vector] AndroidManifest.xml:16:22-74
19    <uses-permission android:name="android.permission.VIBRATE" />
19-->[:vector] AndroidManifest.xml:17:5-66
19-->[:vector] AndroidManifest.xml:17:22-63
20    <uses-permission android:name="android.permission.CAMERA" />
20-->[:vector] AndroidManifest.xml:18:5-65
20-->[:vector] AndroidManifest.xml:18:22-62
21    <uses-permission android:name="android.permission.RECORD_AUDIO" />
21-->[:vector] AndroidManifest.xml:19:5-71
21-->[:vector] AndroidManifest.xml:19:22-68
22    <uses-permission android:name="android.permission.READ_EXTERNAL_STORAGE" />
22-->[:vector] AndroidManifest.xml:20:5-80
22-->[:vector] AndroidManifest.xml:20:22-77
23    <uses-permission android:name="android.permission.ACCESS_NETWORK_STATE" /> <!-- https://developer.android.com/develop/ui/views/notifications/notification-permission#exemptions -->
23-->[:vector] AndroidManifest.xml:21:5-79
23-->[:vector] AndroidManifest.xml:21:22-76
24    <uses-permission android:name="android.permission.POST_NOTIFICATIONS" /> <!-- Call feature -->
24-->[:vector] AndroidManifest.xml:24:5-77
24-->[:vector] AndroidManifest.xml:24:22-74
25    <uses-permission android:name="android.permission.MANAGE_OWN_CALLS" /> <!-- Commented because Google PlayStore does not like we add permission if we are not requiring it. And it was added for future use -->
25-->[:vector] AndroidManifest.xml:27:5-75
25-->[:vector] AndroidManifest.xml:27:22-72
26    <!-- uses-permission android:name="android.permission.READ_CALL_LOG" / -->
27    <!-- Needed for voice call to toggle speaker on or off -->
28    <uses-permission android:name="android.permission.MODIFY_AUDIO_SETTINGS" />
28-->[:vector] AndroidManifest.xml:31:5-80
28-->[:vector] AndroidManifest.xml:31:22-77
29    <!--
30         READ_PHONE_STATE is needed only if your calling app reads numbers from the `PHONE_STATE`
31            intent action.
32    -->
33    <!-- Needed to show incoming calls activity in lock screen -->
34    <uses-permission android:name="android.permission.USE_FULL_SCREEN_INTENT" />
34-->[:vector] AndroidManifest.xml:39:5-81
34-->[:vector] AndroidManifest.xml:39:22-78
35    <uses-permission android:name="android.permission.WAKE_LOCK" /> <!-- Needed for incoming calls -->
35-->[:vector] AndroidManifest.xml:40:5-68
35-->[:vector] AndroidManifest.xml:40:22-65
36    <uses-permission android:name="android.permission.SYSTEM_ALERT_WINDOW" /> <!-- To be able to install APK from the application -->
36-->[:vector] AndroidManifest.xml:42:5-78
36-->[:vector] AndroidManifest.xml:42:22-75
37    <uses-permission android:name="android.permission.REQUEST_INSTALL_PACKAGES" /> <!-- Location Sharing -->
37-->[:vector] AndroidManifest.xml:45:5-83
37-->[:vector] AndroidManifest.xml:45:22-80
38    <uses-permission android:name="android.permission.ACCESS_COARSE_LOCATION" />
38-->[:vector] AndroidManifest.xml:48:5-81
38-->[:vector] AndroidManifest.xml:48:22-78
39    <uses-permission android:name="android.permission.ACCESS_FINE_LOCATION" /> <!-- Adding CAMERA permission prevents Chromebooks to see the application on the PlayStore -->
39-->[:vector] AndroidManifest.xml:49:5-79
39-->[:vector] AndroidManifest.xml:49:22-76
40    <!-- Tell that the Camera is not mandatory to install the application -->
41    <uses-feature
41-->[:vector] AndroidManifest.xml:53:5-55:36
42        android:name="android.hardware.camera"
42-->[:vector] AndroidManifest.xml:54:9-47
43        android:required="false" />
43-->[:vector] AndroidManifest.xml:55:9-33
44    <uses-feature
44-->[:vector] AndroidManifest.xml:56:5-58:36
45        android:name="android.hardware.camera.autofocus"
45-->[:vector] AndroidManifest.xml:57:9-57
46        android:required="false" /> <!-- Since Android 11, see https://developer.android.com/training/package-visibility -->
46-->[:vector] AndroidManifest.xml:58:9-33
47    <queries>
47-->[:vector] AndroidManifest.xml:61:5-80:15
48
49        <!--
50         To open URL in CustomTab (prefetch, etc.). It makes CustomTabsClient.getPackageName() work
51         see https://developer.android.com/training/package-visibility/use-cases#open-urls-custom-tabs
52        -->
53        <intent>
53-->[:vector] AndroidManifest.xml:67:9-69:18
54            <action android:name="android.support.customtabs.action.CustomTabsService" />
54-->[:vector] AndroidManifest.xml:68:13-90
54-->[:vector] AndroidManifest.xml:68:21-87
55        </intent>
56
57        <!--
58        The app can open attachments of any mime type
59        see https://developer.android.com/training/package-visibility/use-cases#open-a-file
60        -->
61        <intent>
61-->[:vector] AndroidManifest.xml:75:9-79:18
62            <action android:name="android.intent.action.VIEW" />
62-->[:vector] AndroidManifest.xml:76:13-65
62-->[:vector] AndroidManifest.xml:76:21-62
63
64            <data android:mimeType="*/*" />
64-->[:vector] AndroidManifest.xml:78:13-44
64-->[:vector] AndroidManifest.xml:78:19-41
65        </intent>
66        <intent>
66-->[com.github.UnifiedPush:android-connector:2.1.1] AndroidManifest.xml:12:9-14:18
67            <action android:name="org.unifiedpush.android.distributor.REGISTER" />
67-->[:vector] AndroidManifest.xml:424:17-87
67-->[:vector] AndroidManifest.xml:424:25-84
68        </intent>
69        <intent>
69-->[com.github.UnifiedPush:android-connector:2.1.1] AndroidManifest.xml:15:9-17:18
70            <action android:name="org.unifiedpush.android.distributor.UNREGISTER" />
70-->[com.github.UnifiedPush:android-connector:2.1.1] AndroidManifest.xml:16:13-85
70-->[com.github.UnifiedPush:android-connector:2.1.1] AndroidManifest.xml:16:21-82
71        </intent> <!-- Support querying whether an app with the wallet endpoint role is available -->
72        <intent>
72-->[:lib-solana:clientlib] AndroidManifest.xml:14:9-20:18
73            <action android:name="android.intent.action.VIEW" />
73-->[:vector] AndroidManifest.xml:76:13-65
73-->[:vector] AndroidManifest.xml:76:21-62
74
75            <category android:name="android.intent.category.BROWSABLE" />
75-->[:vector] AndroidManifest.xml:111:17-78
75-->[:vector] AndroidManifest.xml:111:27-75
76
77            <data android:scheme="solana-wallet" />
77-->[:vector] AndroidManifest.xml:78:13-44
78        </intent>
79    </queries>
80
81    <uses-permission android:name="android.permission.ACCESS_WIFI_STATE" /> <!-- TODO Is WRITE_EXTERNAL_STORAGE necessary? -->
81-->[com.facebook.flipper:flipper:0.177.0] AndroidManifest.xml:16:5-76
81-->[com.facebook.flipper:flipper:0.177.0] AndroidManifest.xml:16:22-73
82    <uses-permission android:name="android.permission.WRITE_EXTERNAL_STORAGE" />
82-->[:matrix-sdk-android] AndroidManifest.xml:12:5-81
82-->[:matrix-sdk-android] AndroidManifest.xml:12:22-78
83    <uses-permission android:name="android.permission.REORDER_TASKS" />
83-->[androidx.fragment:fragment-testing-manifest:1.6.0-alpha04] AndroidManifest.xml:23:5-72
83-->[androidx.fragment:fragment-testing-manifest:1.6.0-alpha04] AndroidManifest.xml:23:22-69
84    <uses-permission android:name="android.permission.USE_BIOMETRIC" /> <!-- suppress DeprecatedClassUsageInspection -->
84-->[androidx.biometric:biometric:1.1.0] AndroidManifest.xml:24:5-72
84-->[androidx.biometric:biometric:1.1.0] AndroidManifest.xml:24:22-69
85    <uses-permission android:name="android.permission.USE_FINGERPRINT" /> <!-- Required by older versions of Google Play services to create IID tokens -->
85-->[androidx.biometric:biometric:1.1.0] AndroidManifest.xml:27:5-74
85-->[androidx.biometric:biometric:1.1.0] AndroidManifest.xml:27:22-71
86    <uses-permission android:name="com.google.android.c2dm.permission.RECEIVE" />
86-->[com.google.firebase:firebase-messaging:23.1.1] AndroidManifest.xml:28:5-82
86-->[com.google.firebase:firebase-messaging:23.1.1] AndroidManifest.xml:28:22-79
87
88    <uses-feature
88-->[org.jitsi.react:jitsi-meet-sdk:6.2.0] AndroidManifest.xml:21:5-23:35
89        android:glEsVersion="0x00020000"
89-->[org.jitsi.react:jitsi-meet-sdk:6.2.0] AndroidManifest.xml:22:9-41
90        android:required="true" />
90-->[org.jitsi.react:jitsi-meet-sdk:6.2.0] AndroidManifest.xml:23:9-32
91    <uses-feature
91-->[org.maplibre.gl:android-sdk:9.6.0] AndroidManifest.xml:12:5-14:36
92        android:name="android.hardware.wifi"
92-->[org.maplibre.gl:android-sdk:9.6.0] AndroidManifest.xml:13:9-45
93        android:required="false" />
93-->[org.maplibre.gl:android-sdk:9.6.0] AndroidManifest.xml:14:9-33
94
95    <uses-permission android:name="android.permission.WRITE_CALENDAR" />
95-->[com.facebook.react:react-native-calendar-events:2.2.0-jitsi-12039821] AndroidManifest.xml:9:5-73
95-->[com.facebook.react:react-native-calendar-events:2.2.0-jitsi-12039821] AndroidManifest.xml:9:22-70
96    <uses-permission android:name="android.permission.READ_CALENDAR" />
96-->[com.facebook.react:react-native-calendar-events:2.2.0-jitsi-12039821] AndroidManifest.xml:10:5-72
96-->[com.facebook.react:react-native-calendar-events:2.2.0-jitsi-12039821] AndroidManifest.xml:10:22-69
97    <uses-permission android:name="android.permission.RECEIVE_BOOT_COMPLETED" />
97-->[androidx.work:work-runtime:2.7.1] AndroidManifest.xml:27:5-81
97-->[androidx.work:work-runtime:2.7.1] AndroidManifest.xml:27:22-78
98
99    <permission
99-->[androidx.core:core:1.9.0] AndroidManifest.xml:22:5-24:47
100        android:name="im.vector.app.debug.DYNAMIC_RECEIVER_NOT_EXPORTED_PERMISSION"
100-->[androidx.core:core:1.9.0] AndroidManifest.xml:23:9-81
101        android:protectionLevel="signature" />
101-->[androidx.core:core:1.9.0] AndroidManifest.xml:24:9-44
102
103    <uses-permission android:name="im.vector.app.debug.DYNAMIC_RECEIVER_NOT_EXPORTED_PERMISSION" />
103-->[androidx.core:core:1.9.0] AndroidManifest.xml:26:5-97
103-->[androidx.core:core:1.9.0] AndroidManifest.xml:26:22-94
104
105    <application
106        android:name="im.vector.app.VectorApplication"
106-->src/main/AndroidManifest.xml:6:9-55
107        android:allowBackup="false"
107-->src/main/AndroidManifest.xml:7:9-36
108        android:appComponentFactory="androidx.core.app.CoreComponentFactory"
108-->[androidx.core:core:1.9.0] AndroidManifest.xml:28:18-86
109        android:dataExtractionRules="@xml/data_extraction_rules"
109-->src/main/AndroidManifest.xml:8:9-65
110        android:debuggable="true"
111        android:fullBackupContent="@xml/backup_rules"
111-->src/main/AndroidManifest.xml:9:9-54
112        android:hasFragileUserData="true"
112-->src/main/AndroidManifest.xml:10:9-42
113        android:icon="@mipmap/ic_launcher"
113-->src/main/AndroidManifest.xml:11:9-43
114        android:label="@string/app_name"
114-->src/main/AndroidManifest.xml:12:9-41
115        android:largeHeap="true"
115-->src/main/AndroidManifest.xml:13:9-33
116        android:networkSecurityConfig="@xml/network_security_config"
116-->src/main/AndroidManifest.xml:14:9-69
117        android:resizeableActivity="true"
117-->src/main/AndroidManifest.xml:15:9-42
118        android:roundIcon="@mipmap/ic_launcher_round"
118-->src/main/AndroidManifest.xml:16:9-54
119        android:supportsRtl="true"
<<<<<<< Updated upstream
119-->src/main/AndroidManifest.xml:17:9-35
120        android:taskAffinity="im.vector.app.debug.H_d1f79699"
120-->src/main/AndroidManifest.xml:18:9-73
=======
119-->src\main\AndroidManifest.xml:17:9-35
120        android:taskAffinity="im.vector.app.debug.H_e7971e7e"
120-->src\main\AndroidManifest.xml:18:9-73
>>>>>>> Stashed changes
121        android:testOnly="true"
122        android:theme="@style/Theme.Vector.Light" >
122-->src/main/AndroidManifest.xml:19:9-50
123        <activity android:name="im.vector.app.features.debug.TestLinkifyActivity" />
123-->src/debug/AndroidManifest.xml:5:9-85
123-->src/debug/AndroidManifest.xml:5:19-82
124        <activity android:name="im.vector.app.features.debug.DebugPermissionActivity" />
124-->src/debug/AndroidManifest.xml:6:9-89
124-->src/debug/AndroidManifest.xml:6:19-86
125        <activity android:name="im.vector.app.features.debug.jitsi.DebugJitsiActivity" />
125-->src/debug/AndroidManifest.xml:7:9-90
125-->src/debug/AndroidManifest.xml:7:19-87
126        <activity android:name="im.vector.app.features.debug.analytics.DebugAnalyticsActivity" />
126-->src/debug/AndroidManifest.xml:8:9-98
126-->src/debug/AndroidManifest.xml:8:19-95
127        <activity android:name="im.vector.app.features.debug.settings.DebugPrivateSettingsActivity" />
127-->src/debug/AndroidManifest.xml:9:9-103
127-->src/debug/AndroidManifest.xml:9:19-100
128        <activity android:name="im.vector.app.features.debug.sas.DebugSasEmojiActivity" />
128-->src/debug/AndroidManifest.xml:10:9-91
128-->src/debug/AndroidManifest.xml:10:19-88
129        <activity android:name="im.vector.app.features.debug.features.DebugFeaturesSettingsActivity" />
129-->src/debug/AndroidManifest.xml:11:9-104
129-->src/debug/AndroidManifest.xml:11:19-101
130        <activity android:name="im.vector.app.features.debug.DebugMenuActivity" />
130-->src/debug/AndroidManifest.xml:12:9-83
130-->src/debug/AndroidManifest.xml:12:19-80
131        <activity android:name="im.vector.app.features.debug.leak.DebugMemoryLeaksActivity" />
131-->src/debug/AndroidManifest.xml:13:9-95
131-->src/debug/AndroidManifest.xml:13:19-92
132        <activity
132-->src/debug/AndroidManifest.xml:15:9-17:39
133            android:name="com.facebook.flipper.android.diagnostics.FlipperDiagnosticActivity"
133-->src/debug/AndroidManifest.xml:16:13-94
134            android:exported="true" />
134-->src/debug/AndroidManifest.xml:17:13-36
135
136        <!-- Firebase components -->
137        <meta-data
137-->src/gplay/AndroidManifest.xml:8:9-10:36
138            android:name="firebase_analytics_collection_deactivated"
138-->src/gplay/AndroidManifest.xml:9:13-69
139            android:value="true" /> <!-- Add tools:ignore="Instantiatable" for the error reported only by the CI :/ -->
139-->src/gplay/AndroidManifest.xml:10:13-33
140        <service
140-->src/gplay/AndroidManifest.xml:13:9-19:19
141            android:name="im.vector.app.push.fcm.VectorFirebaseMessagingService"
141-->src/gplay/AndroidManifest.xml:13:18-86
142            android:exported="false" >
142-->src/gplay/AndroidManifest.xml:14:13-37
143            <intent-filter>
143-->src/gplay/AndroidManifest.xml:16:13-18:29
144                <action android:name="com.google.firebase.MESSAGING_EVENT" />
144-->src/gplay/AndroidManifest.xml:17:17-78
144-->src/gplay/AndroidManifest.xml:17:25-75
145            </intent-filter>
146        </service> <!-- Providers -->
147        <!-- Remove WorkManagerInitializer Provider because we are using on-demand initialization of WorkManager -->
148        <provider
149            android:name="androidx.startup.InitializationProvider"
150            android:authorities="im.vector.app.debug.androidx-startup"
151            android:exported="false" >
152            <meta-data
152-->[org.jitsi.react:jitsi-meet-sdk:6.2.0] AndroidManifest.xml:66:13-68:52
153                android:name="org.jitsi.meet.sdk.JitsiInitializer"
153-->[org.jitsi.react:jitsi-meet-sdk:6.2.0] AndroidManifest.xml:67:17-67
154                android:value="androidx.startup" />
154-->[org.jitsi.react:jitsi-meet-sdk:6.2.0] AndroidManifest.xml:68:17-49
155            <meta-data
155-->[androidx.lifecycle:lifecycle-process:2.5.1] AndroidManifest.xml:31:13-33:52
156                android:name="androidx.lifecycle.ProcessLifecycleInitializer"
156-->[androidx.lifecycle:lifecycle-process:2.5.1] AndroidManifest.xml:32:17-78
157                android:value="androidx.startup" />
157-->[androidx.lifecycle:lifecycle-process:2.5.1] AndroidManifest.xml:33:17-49
158        </provider>
159        <provider
160            android:name="androidx.core.content.FileProvider"
161            android:authorities="im.vector.app.debug.fileProvider"
162            android:exported="false"
163            android:grantUriPermissions="true" >
164            <meta-data
164-->[:matrix-sdk-android] AndroidManifest.xml:26:13-28:62
165                android:name="android.support.FILE_PROVIDER_PATHS"
165-->[:matrix-sdk-android] AndroidManifest.xml:27:17-67
166                android:resource="@xml/sdk_provider_paths" />
166-->[:matrix-sdk-android] AndroidManifest.xml:28:17-59
167        </provider> <!-- Sentry auto-initialization disable -->
168        <meta-data
168-->[:vector] AndroidManifest.xml:85:9-87:37
169            android:name="io.sentry.auto-init"
169-->[:vector] AndroidManifest.xml:86:13-47
170            android:value="false" /> <!-- No limit for screen ratio: avoid black strips -->
170-->[:vector] AndroidManifest.xml:87:13-34
171        <meta-data
171-->[:vector] AndroidManifest.xml:90:9-92:35
172            android:name="android.max_aspect"
172-->[:vector] AndroidManifest.xml:91:13-46
173            android:value="9.9" />
173-->[:vector] AndroidManifest.xml:92:13-32
174        <meta-data
174-->[:vector] AndroidManifest.xml:93:9-95:59
175            android:name="com.google.android.gms.car.application"
175-->[:vector] AndroidManifest.xml:94:13-66
176            android:resource="@xml/automotive_app_desc" />
176-->[:vector] AndroidManifest.xml:95:13-56
177
178        <activity
178-->[:vector] AndroidManifest.xml:97:9-99:60
179            android:name="im.vector.app.features.MainActivity"
179-->[:vector] AndroidManifest.xml:98:13-63
180            android:theme="@style/Theme.Vector.Launcher" /> <!-- Activity alias for the launcher Activity (must be declared after the Activity it targets) -->
180-->[:vector] AndroidManifest.xml:99:13-57
181        <!-- exported="true" is required to launch application -->
182        <activity-alias
182-->src/main/AndroidManifest.xml:25:9-38:26
183            android:name="im.vector.application.features.Alias"
183-->src/main/AndroidManifest.xml:26:13-43
184            android:exported="true"
184-->src/main/AndroidManifest.xml:27:13-36
185            android:targetActivity="im.vector.app.features.MainActivity" >
185-->src/main/AndroidManifest.xml:28:13-73
186            <intent-filter>
186-->src/main/AndroidManifest.xml:29:13-33:29
187                <action android:name="android.intent.action.MAIN" />
187-->src/main/AndroidManifest.xml:30:17-69
187-->src/main/AndroidManifest.xml:30:25-66
188
189                <category android:name="android.intent.category.LAUNCHER" />
189-->src/main/AndroidManifest.xml:32:17-77
189-->src/main/AndroidManifest.xml:32:27-74
190            </intent-filter>
191
192            <meta-data
192-->src/main/AndroidManifest.xml:35:13-37:53
193                android:name="android.app.shortcuts"
193-->src/main/AndroidManifest.xml:36:17-53
194                android:resource="@xml/shortcuts" />
194-->src/main/AndroidManifest.xml:37:17-50
195        </activity-alias>
196
197        <activity android:name="im.vector.app.features.home.HomeActivity" />
197-->[:vector] AndroidManifest.xml:100:9-77
197-->[:vector] AndroidManifest.xml:100:19-74
198        <activity
198-->[:vector] AndroidManifest.xml:101:9-117:20
199            android:name="im.vector.app.features.login.SSORedirectRouterActivity"
199-->[:vector] AndroidManifest.xml:102:13-82
200            android:exported="true"
200-->[:vector] AndroidManifest.xml:103:13-36
201            android:theme="@style/Theme.Vector.Black.Transparent" >
201-->[:vector] AndroidManifest.xml:104:13-66
202
203            <!-- Add intent filter to handle redirection URL after SSO login in external browser -->
204            <intent-filter>
204-->[:vector] AndroidManifest.xml:107:13-116:29
205                <action android:name="android.intent.action.VIEW" />
205-->[:vector] AndroidManifest.xml:76:13-65
205-->[:vector] AndroidManifest.xml:76:21-62
206
207                <category android:name="android.intent.category.DEFAULT" />
207-->[:vector] AndroidManifest.xml:110:17-76
207-->[:vector] AndroidManifest.xml:110:27-73
208                <category android:name="android.intent.category.BROWSABLE" />
208-->[:vector] AndroidManifest.xml:111:17-78
208-->[:vector] AndroidManifest.xml:111:27-75
209
210                <data
210-->[:vector] AndroidManifest.xml:78:13-44
211                    android:host="connect"
212                    android:scheme="element" />
213            </intent-filter>
214        </activity>
215        <activity
215-->[:vector] AndroidManifest.xml:118:9-121:58
216            android:name="im.vector.app.features.login.LoginActivity"
216-->[:vector] AndroidManifest.xml:119:13-70
217            android:launchMode="singleTask"
217-->[:vector] AndroidManifest.xml:120:13-44
218            android:windowSoftInputMode="adjustResize" />
218-->[:vector] AndroidManifest.xml:121:13-55
219        <activity
219-->[:vector] AndroidManifest.xml:122:9-125:58
220            android:name="im.vector.app.features.onboarding.OnboardingActivity"
220-->[:vector] AndroidManifest.xml:123:13-80
221            android:launchMode="singleTask"
221-->[:vector] AndroidManifest.xml:124:13-44
222            android:windowSoftInputMode="adjustResize" /> <!-- Add tools:ignore="Instantiatable" for the error reported only by CI :/ -->
222-->[:vector] AndroidManifest.xml:125:13-55
223        <activity
223-->[:vector] AndroidManifest.xml:128:9-131:45
224            android:name="im.vector.app.features.media.VectorAttachmentViewerActivity"
224-->[:vector] AndroidManifest.xml:129:13-87
225            android:theme="@style/Theme.Vector.Black.Transparent" />
225-->[:vector] AndroidManifest.xml:130:13-66
226        <activity android:name="im.vector.app.features.media.BigImageViewerActivity" />
226-->[:vector] AndroidManifest.xml:132:9-88
226-->[:vector] AndroidManifest.xml:132:19-85
227        <activity
227-->[:vector] AndroidManifest.xml:133:9-135:65
228            android:name="im.vector.app.features.rageshake.BugReportActivity"
228-->[:vector] AndroidManifest.xml:134:13-78
229            android:label="@string/title_activity_bug_report" />
229-->[:vector] AndroidManifest.xml:135:13-62
230        <activity
230-->[:vector] AndroidManifest.xml:136:9-139:58
231            android:name="im.vector.app.features.settings.VectorSettingsActivity"
231-->[:vector] AndroidManifest.xml:137:13-82
232            android:label="@string/title_activity_settings"
232-->[:vector] AndroidManifest.xml:138:13-60
233            android:windowSoftInputMode="adjustResize" />
233-->[:vector] AndroidManifest.xml:139:13-55
234        <activity
234-->[:vector] AndroidManifest.xml:140:9-142:72
235            android:name="im.vector.app.features.crypto.keysbackup.restore.KeysBackupRestoreActivity"
235-->[:vector] AndroidManifest.xml:141:13-102
236            android:label="@string/title_activity_keys_backup_setup" />
236-->[:vector] AndroidManifest.xml:142:13-69
237        <activity
237-->[:vector] AndroidManifest.xml:143:9-145:74
238            android:name="im.vector.app.features.crypto.keysbackup.setup.KeysBackupSetupActivity"
238-->[:vector] AndroidManifest.xml:144:13-98
239            android:label="@string/title_activity_keys_backup_restore" />
239-->[:vector] AndroidManifest.xml:145:13-71
240        <activity
240-->[:vector] AndroidManifest.xml:146:9-148:67
241            android:name="im.vector.app.features.crypto.keysbackup.settings.KeysBackupManageActivity"
241-->[:vector] AndroidManifest.xml:147:13-102
242            android:label="@string/encryption_message_recovery" />
242-->[:vector] AndroidManifest.xml:148:13-64
243        <activity
243-->[:vector] AndroidManifest.xml:149:9-151:76
244            android:name="im.vector.app.features.reactions.EmojiReactionPickerActivity"
244-->[:vector] AndroidManifest.xml:150:13-88
245            android:label="@string/title_activity_emoji_reaction_picker" />
245-->[:vector] AndroidManifest.xml:151:13-73
246        <activity android:name="im.vector.app.features.roomdirectory.createroom.CreateRoomActivity" />
246-->[:vector] AndroidManifest.xml:152:9-103
246-->[:vector] AndroidManifest.xml:152:19-100
247        <activity android:name="im.vector.app.features.roomdirectory.RoomDirectoryActivity" />
247-->[:vector] AndroidManifest.xml:153:9-95
247-->[:vector] AndroidManifest.xml:153:19-92
248        <activity android:name="im.vector.app.features.roomdirectory.roompreview.RoomPreviewActivity" />
248-->[:vector] AndroidManifest.xml:154:9-105
248-->[:vector] AndroidManifest.xml:154:19-102
249        <activity android:name="im.vector.app.features.home.room.filtered.FilteredRoomsActivity" />
249-->[:vector] AndroidManifest.xml:155:9-100
249-->[:vector] AndroidManifest.xml:155:19-97
250        <activity android:name="im.vector.app.features.home.room.threads.ThreadsActivity" />
250-->[:vector] AndroidManifest.xml:156:9-93
250-->[:vector] AndroidManifest.xml:156:19-90
251        <activity
251-->[:vector] AndroidManifest.xml:157:9-164:20
252            android:name="im.vector.app.features.home.room.detail.RoomDetailActivity"
252-->[:vector] AndroidManifest.xml:158:13-86
253            android:parentActivityName="im.vector.app.features.home.HomeActivity"
253-->[:vector] AndroidManifest.xml:159:13-82
254            android:windowSoftInputMode="adjustResize" >
254-->[:vector] AndroidManifest.xml:160:13-55
255            <meta-data
255-->[:vector] AndroidManifest.xml:161:13-163:63
256                android:name="android.support.PARENT_ACTIVITY"
256-->[:vector] AndroidManifest.xml:162:17-63
257                android:value=".features.home.HomeActivity" />
257-->[:vector] AndroidManifest.xml:163:17-60
258        </activity>
259        <activity android:name="im.vector.app.features.createdirect.CreateDirectRoomActivity" />
259-->[:vector] AndroidManifest.xml:165:9-97
259-->[:vector] AndroidManifest.xml:165:19-94
260        <activity android:name="im.vector.app.features.invite.InviteUsersToRoomActivity" />
260-->[:vector] AndroidManifest.xml:166:9-92
260-->[:vector] AndroidManifest.xml:166:19-89
261        <activity android:name="im.vector.app.features.webview.VectorWebViewActivity" /> <!-- Activity to intercept links coming from a web instance -->
261-->[:vector] AndroidManifest.xml:167:9-89
261-->[:vector] AndroidManifest.xml:167:19-86
262        <!-- exported="true" is required to handle android.intent.action.VIEW for URL redirection -->
263        <activity
263-->[:vector] AndroidManifest.xml:171:9-188:20
264            android:name="im.vector.app.features.link.LinkHandlerActivity"
264-->[:vector] AndroidManifest.xml:172:13-75
265            android:enabled="true"
265-->[:vector] AndroidManifest.xml:173:13-35
266            android:exported="true" >
266-->[:vector] AndroidManifest.xml:174:13-36
267            <intent-filter>
267-->[:vector] AndroidManifest.xml:175:13-187:29
268                <action android:name="android.intent.action.VIEW" />
268-->[:vector] AndroidManifest.xml:76:13-65
268-->[:vector] AndroidManifest.xml:76:21-62
269
270                <category android:name="android.intent.category.DEFAULT" />
270-->[:vector] AndroidManifest.xml:110:17-76
270-->[:vector] AndroidManifest.xml:110:27-73
271                <category android:name="android.intent.category.BROWSABLE" />
271-->[:vector] AndroidManifest.xml:111:17-78
271-->[:vector] AndroidManifest.xml:111:27-75
272
273                <data android:scheme="https" />
273-->[:vector] AndroidManifest.xml:78:13-44
274                <data android:host="riot.im" />
274-->[:vector] AndroidManifest.xml:78:13-44
275                <data android:host="app.element.io" />
275-->[:vector] AndroidManifest.xml:78:13-44
276                <data android:host="mobile.element.io" />
276-->[:vector] AndroidManifest.xml:78:13-44
277                <data android:host="develop.element.io" />
277-->[:vector] AndroidManifest.xml:78:13-44
278                <data android:host="staging.element.io" />
278-->[:vector] AndroidManifest.xml:78:13-44
279            </intent-filter>
280        </activity> <!-- Activity alias for matrix.to or element permalinks -->
281        <!-- exported="true" is required to handle android.intent.action.VIEW for URL redirection -->
282        <activity-alias
282-->[:vector] AndroidManifest.xml:190:9-212:26
283            android:name="im.vector.app.features.permalink.PermalinkHandlerActivity"
283-->[:vector] AndroidManifest.xml:191:13-85
284            android:enabled="true"
284-->[:vector] AndroidManifest.xml:192:13-35
285            android:exported="true"
285-->[:vector] AndroidManifest.xml:193:13-36
286            android:launchMode="singleTask"
286-->[:vector] AndroidManifest.xml:194:13-44
287            android:targetActivity="im.vector.app.features.link.LinkHandlerActivity" >
287-->[:vector] AndroidManifest.xml:195:13-85
288            <intent-filter>
288-->[:vector] AndroidManifest.xml:196:13-211:29